<?xml version="1.0" encoding="UTF-8"?>
<testsuite xmlns:xsi="http://www.w3.org/2001/XMLSchema-instance" xsi:noNamespaceSchemaLocation="https://maven.apache.org/surefire/maven-surefire-plugin/xsd/surefire-test-report-3.0.xsd" version="3.0" name="de.bas.bodo.woodle.adapter.web.WoodleViewTest" time="2.676" tests="16" errors="0" skipped="0" failures="0">
  <properties>
    <property name="java.specification.version" value="23"/>
    <property name="sun.jnu.encoding" value="UTF-8"/>
    <property name="java.class.path" value="/Users/bodo.teichmann/dev/learning/calendar_tdd/calendar-app-cursor/target/test-classes:/Users/bodo.teichmann/dev/learning/calendar_tdd/calendar-app-cursor/target/classes:/Users/bodo.teichmann/.m2/repository/org/springframework/boot/spring-boot-starter-web/3.2.3/spring-boot-starter-web-3.2.3.jar:/Users/bodo.teichmann/.m2/repository/org/springframework/boot/spring-boot-starter/3.2.3/spring-boot-starter-3.2.3.jar:/Users/bodo.teichmann/.m2/repository/org/springframework/boot/spring-boot/3.2.3/spring-boot-3.2.3.jar:/Users/bodo.teichmann/.m2/repository/org/springframework/boot/spring-boot-starter-logging/3.2.3/spring-boot-starter-logging-3.2.3.jar:/Users/bodo.teichmann/.m2/repository/ch/qos/logback/logback-classic/1.4.14/logback-classic-1.4.14.jar:/Users/bodo.teichmann/.m2/repository/ch/qos/logback/logback-core/1.4.14/logback-core-1.4.14.jar:/Users/bodo.teichmann/.m2/repository/org/apache/logging/log4j/log4j-to-slf4j/2.21.1/log4j-to-slf4j-2.21.1.jar:/Users/bodo.teichmann/.m2/repository/org/apache/logging/log4j/log4j-api/2.21.1/log4j-api-2.21.1.jar:/Users/bodo.teichmann/.m2/repository/org/slf4j/jul-to-slf4j/2.0.12/jul-to-slf4j-2.0.12.jar:/Users/bodo.teichmann/.m2/repository/jakarta/annotation/jakarta.annotation-api/2.1.1/jakarta.annotation-api-2.1.1.jar:/Users/bodo.teichmann/.m2/repository/org/yaml/snakeyaml/2.2/snakeyaml-2.2.jar:/Users/bodo.teichmann/.m2/repository/org/springframework/boot/spring-boot-starter-json/3.2.3/spring-boot-starter-json-3.2.3.jar:/Users/bodo.teichmann/.m2/repository/com/fasterxml/jackson/core/jackson-databind/2.15.4/jackson-databind-2.15.4.jar:/Users/bodo.teichmann/.m2/repository/com/fasterxml/jackson/core/jackson-annotations/2.15.4/jackson-annotations-2.15.4.jar:/Users/bodo.teichmann/.m2/repository/com/fasterxml/jackson/core/jackson-core/2.15.4/jackson-core-2.15.4.jar:/Users/bodo.teichmann/.m2/repository/com/fasterxml/jackson/datatype/jackson-datatype-jdk8/2.15.4/jackson-datatype-jdk8-2.15.4.jar:/Users/bodo.teichmann/.m2/repository/com/fasterxml/jackson/datatype/jackson-datatype-jsr310/2.15.4/jackson-datatype-jsr310-2.15.4.jar:/Users/bodo.teichmann/.m2/repository/com/fasterxml/jackson/module/jackson-module-parameter-names/2.15.4/jackson-module-parameter-names-2.15.4.jar:/Users/bodo.teichmann/.m2/repository/org/springframework/boot/spring-boot-starter-tomcat/3.2.3/spring-boot-starter-tomcat-3.2.3.jar:/Users/bodo.teichmann/.m2/repository/org/apache/tomcat/embed/tomcat-embed-core/10.1.19/tomcat-embed-core-10.1.19.jar:/Users/bodo.teichmann/.m2/repository/org/apache/tomcat/embed/tomcat-embed-el/10.1.19/tomcat-embed-el-10.1.19.jar:/Users/bodo.teichmann/.m2/repository/org/apache/tomcat/embed/tomcat-embed-websocket/10.1.19/tomcat-embed-websocket-10.1.19.jar:/Users/bodo.teichmann/.m2/repository/org/springframework/spring-web/6.1.4/spring-web-6.1.4.jar:/Users/bodo.teichmann/.m2/repository/org/springframework/spring-beans/6.1.4/spring-beans-6.1.4.jar:/Users/bodo.teichmann/.m2/repository/io/micrometer/micrometer-observation/1.12.3/micrometer-observation-1.12.3.jar:/Users/bodo.teichmann/.m2/repository/io/micrometer/micrometer-commons/1.12.3/micrometer-commons-1.12.3.jar:/Users/bodo.teichmann/.m2/repository/org/springframework/spring-webmvc/6.1.4/spring-webmvc-6.1.4.jar:/Users/bodo.teichmann/.m2/repository/org/springframework/spring-aop/6.1.4/spring-aop-6.1.4.jar:/Users/bodo.teichmann/.m2/repository/org/springframework/spring-context/6.1.4/spring-context-6.1.4.jar:/Users/bodo.teichmann/.m2/repository/org/springframework/spring-expression/6.1.4/spring-expression-6.1.4.jar:/Users/bodo.teichmann/.m2/repository/org/springframework/boot/spring-boot-starter-test/3.2.3/spring-boot-starter-test-3.2.3.jar:/Users/bodo.teichmann/.m2/repository/org/springframework/boot/spring-boot-test/3.2.3/spring-boot-test-3.2.3.jar:/Users/bodo.teichmann/.m2/repository/org/springframework/boot/spring-boot-test-autoconfigure/3.2.3/spring-boot-test-autoconfigure-3.2.3.jar:/Users/bodo.teichmann/.m2/repository/com/jayway/jsonpath/json-path/2.9.0/json-path-2.9.0.jar:/Users/bodo.teichmann/.m2/repository/org/slf4j/slf4j-api/2.0.12/slf4j-api-2.0.12.jar:/Users/bodo.teichmann/.m2/repository/jakarta/xml/bind/jakarta.xml.bind-api/4.0.1/jakarta.xml.bind-api-4.0.1.jar:/Users/bodo.teichmann/.m2/repository/jakarta/activation/jakarta.activation-api/2.1.2/jakarta.activation-api-2.1.2.jar:/Users/bodo.teichmann/.m2/repository/net/minidev/json-smart/2.5.0/json-smart-2.5.0.jar:/Users/bodo.teichmann/.m2/repository/net/minidev/accessors-smart/2.5.0/accessors-smart-2.5.0.jar:/Users/bodo.teichmann/.m2/repository/org/ow2/asm/asm/9.3/asm-9.3.jar:/Users/bodo.teichmann/.m2/repository/org/assertj/assertj-core/3.24.2/assertj-core-3.24.2.jar:/Users/bodo.teichmann/.m2/repository/net/bytebuddy/byte-buddy/1.14.12/byte-buddy-1.14.12.jar:/Users/bodo.teichmann/.m2/repository/org/awaitility/awaitility/4.2.0/awaitility-4.2.0.jar:/Users/bodo.teichmann/.m2/repository/org/hamcrest/hamcrest/2.2/hamcrest-2.2.jar:/Users/bodo.teichmann/.m2/repository/org/junit/jupiter/junit-jupiter/5.10.2/junit-jupiter-5.10.2.jar:/Users/bodo.teichmann/.m2/repository/org/junit/jupiter/junit-jupiter-api/5.10.2/junit-jupiter-api-5.10.2.jar:/Users/bodo.teichmann/.m2/repository/org/opentest4j/opentest4j/1.3.0/opentest4j-1.3.0.jar:/Users/bodo.teichmann/.m2/repository/org/junit/platform/junit-platform-commons/1.10.2/junit-platform-commons-1.10.2.jar:/Users/bodo.teichmann/.m2/repository/org/apiguardian/apiguardian-api/1.1.2/apiguardian-api-1.1.2.jar:/Users/bodo.teichmann/.m2/repository/org/junit/jupiter/junit-jupiter-params/5.10.2/junit-jupiter-params-5.10.2.jar:/Users/bodo.teichmann/.m2/repository/org/junit/jupiter/junit-jupiter-engine/5.10.2/junit-jupiter-engine-5.10.2.jar:/Users/bodo.teichmann/.m2/repository/org/junit/platform/junit-platform-engine/1.10.2/junit-platform-engine-1.10.2.jar:/Users/bodo.teichmann/.m2/repository/org/mockito/mockito-core/5.7.0/mockito-core-5.7.0.jar:/Users/bodo.teichmann/.m2/repository/net/bytebuddy/byte-buddy-agent/1.14.12/byte-buddy-agent-1.14.12.jar:/Users/bodo.teichmann/.m2/repository/org/objenesis/objenesis/3.3/objenesis-3.3.jar:/Users/bodo.teichmann/.m2/repository/org/mockito/mockito-junit-jupiter/5.7.0/mockito-junit-jupiter-5.7.0.jar:/Users/bodo.teichmann/.m2/repository/org/skyscreamer/jsonassert/1.5.1/jsonassert-1.5.1.jar:/Users/bodo.teichmann/.m2/repository/com/vaadin/external/google/android-json/0.0.20131108.vaadin1/android-json-0.0.20131108.vaadin1.jar:/Users/bodo.teichmann/.m2/repository/org/springframework/spring-core/6.1.4/spring-core-6.1.4.jar:/Users/bodo.teichmann/.m2/repository/org/springframework/spring-jcl/6.1.4/spring-jcl-6.1.4.jar:/Users/bodo.teichmann/.m2/repository/org/springframework/spring-test/6.1.4/spring-test-6.1.4.jar:/Users/bodo.teichmann/.m2/repository/org/xmlunit/xmlunit-core/2.9.1/xmlunit-core-2.9.1.jar:/Users/bodo.teichmann/.m2/repository/org/projectlombok/lombok/1.18.32/lombok-1.18.32.jar:/Users/bodo.teichmann/.m2/repository/gg/jte/jte-spring-boot-starter-3/3.2.1/jte-spring-boot-starter-3-3.2.1.jar:/Users/bodo.teichmann/.m2/repository/org/springframework/boot/spring-boot-autoconfigure/3.2.3/spring-boot-autoconfigure-3.2.3.jar:/Users/bodo.teichmann/.m2/repository/gg/jte/jte/3.2.1/jte-3.2.1.jar:/Users/bodo.teichmann/.m2/repository/gg/jte/jte-runtime/3.2.1/jte-runtime-3.2.1.jar:/Users/bodo.teichmann/.m2/repository/gg/jte/jte-extension-api/3.2.1/jte-extension-api-3.2.1.jar:/Users/bodo.teichmann/.m2/repository/org/jsoup/jsoup/1.20.1/jsoup-1.20.1.jar:"/>
    <property name="java.vm.vendor" value="Homebrew"/>
    <property name="sun.arch.data.model" value="64"/>
    <property name="java.vendor.url" value="https://github.com/Homebrew/homebrew-core/issues"/>
    <property name="user.timezone" value="Europe/Berlin"/>
    <property name="os.name" value="Mac OS X"/>
    <property name="java.vm.specification.version" value="23"/>
    <property name="sun.java.launcher" value="SUN_STANDARD"/>
    <property name="user.country" value="DE"/>
    <property name="sun.boot.library.path" value="/opt/homebrew/Cellar/openjdk/23.0.2/libexec/openjdk.jdk/Contents/Home/lib"/>
    <property name="sun.java.command" value="/Users/bodo.teichmann/dev/learning/calendar_tdd/calendar-app-cursor/target/surefire/surefirebooter-20250529120619478_3.jar /Users/bodo.teichmann/dev/learning/calendar_tdd/calendar-app-cursor/target/surefire 2025-05-29T12-06-19_435-jvmRun1 surefire-20250529120619478_1tmp surefire_0-20250529120619478_2tmp"/>
    <property name="http.nonProxyHosts" value="local|*.local|169.254/16|*.169.254/16"/>
    <property name="jdk.debug" value="release"/>
    <property name="surefire.test.class.path" value="/Users/bodo.teichmann/dev/learning/calendar_tdd/calendar-app-cursor/target/test-classes:/Users/bodo.teichmann/dev/learning/calendar_tdd/calendar-app-cursor/target/classes:/Users/bodo.teichmann/.m2/repository/org/springframework/boot/spring-boot-starter-web/3.2.3/spring-boot-starter-web-3.2.3.jar:/Users/bodo.teichmann/.m2/repository/org/springframework/boot/spring-boot-starter/3.2.3/spring-boot-starter-3.2.3.jar:/Users/bodo.teichmann/.m2/repository/org/springframework/boot/spring-boot/3.2.3/spring-boot-3.2.3.jar:/Users/bodo.teichmann/.m2/repository/org/springframework/boot/spring-boot-starter-logging/3.2.3/spring-boot-starter-logging-3.2.3.jar:/Users/bodo.teichmann/.m2/repository/ch/qos/logback/logback-classic/1.4.14/logback-classic-1.4.14.jar:/Users/bodo.teichmann/.m2/repository/ch/qos/logback/logback-core/1.4.14/logback-core-1.4.14.jar:/Users/bodo.teichmann/.m2/repository/org/apache/logging/log4j/log4j-to-slf4j/2.21.1/log4j-to-slf4j-2.21.1.jar:/Users/bodo.teichmann/.m2/repository/org/apache/logging/log4j/log4j-api/2.21.1/log4j-api-2.21.1.jar:/Users/bodo.teichmann/.m2/repository/org/slf4j/jul-to-slf4j/2.0.12/jul-to-slf4j-2.0.12.jar:/Users/bodo.teichmann/.m2/repository/jakarta/annotation/jakarta.annotation-api/2.1.1/jakarta.annotation-api-2.1.1.jar:/Users/bodo.teichmann/.m2/repository/org/yaml/snakeyaml/2.2/snakeyaml-2.2.jar:/Users/bodo.teichmann/.m2/repository/org/springframework/boot/spring-boot-starter-json/3.2.3/spring-boot-starter-json-3.2.3.jar:/Users/bodo.teichmann/.m2/repository/com/fasterxml/jackson/core/jackson-databind/2.15.4/jackson-databind-2.15.4.jar:/Users/bodo.teichmann/.m2/repository/com/fasterxml/jackson/core/jackson-annotations/2.15.4/jackson-annotations-2.15.4.jar:/Users/bodo.teichmann/.m2/repository/com/fasterxml/jackson/core/jackson-core/2.15.4/jackson-core-2.15.4.jar:/Users/bodo.teichmann/.m2/repository/com/fasterxml/jackson/datatype/jackson-datatype-jdk8/2.15.4/jackson-datatype-jdk8-2.15.4.jar:/Users/bodo.teichmann/.m2/repository/com/fasterxml/jackson/datatype/jackson-datatype-jsr310/2.15.4/jackson-datatype-jsr310-2.15.4.jar:/Users/bodo.teichmann/.m2/repository/com/fasterxml/jackson/module/jackson-module-parameter-names/2.15.4/jackson-module-parameter-names-2.15.4.jar:/Users/bodo.teichmann/.m2/repository/org/springframework/boot/spring-boot-starter-tomcat/3.2.3/spring-boot-starter-tomcat-3.2.3.jar:/Users/bodo.teichmann/.m2/repository/org/apache/tomcat/embed/tomcat-embed-core/10.1.19/tomcat-embed-core-10.1.19.jar:/Users/bodo.teichmann/.m2/repository/org/apache/tomcat/embed/tomcat-embed-el/10.1.19/tomcat-embed-el-10.1.19.jar:/Users/bodo.teichmann/.m2/repository/org/apache/tomcat/embed/tomcat-embed-websocket/10.1.19/tomcat-embed-websocket-10.1.19.jar:/Users/bodo.teichmann/.m2/repository/org/springframework/spring-web/6.1.4/spring-web-6.1.4.jar:/Users/bodo.teichmann/.m2/repository/org/springframework/spring-beans/6.1.4/spring-beans-6.1.4.jar:/Users/bodo.teichmann/.m2/repository/io/micrometer/micrometer-observation/1.12.3/micrometer-observation-1.12.3.jar:/Users/bodo.teichmann/.m2/repository/io/micrometer/micrometer-commons/1.12.3/micrometer-commons-1.12.3.jar:/Users/bodo.teichmann/.m2/repository/org/springframework/spring-webmvc/6.1.4/spring-webmvc-6.1.4.jar:/Users/bodo.teichmann/.m2/repository/org/springframework/spring-aop/6.1.4/spring-aop-6.1.4.jar:/Users/bodo.teichmann/.m2/repository/org/springframework/spring-context/6.1.4/spring-context-6.1.4.jar:/Users/bodo.teichmann/.m2/repository/org/springframework/spring-expression/6.1.4/spring-expression-6.1.4.jar:/Users/bodo.teichmann/.m2/repository/org/springframework/boot/spring-boot-starter-test/3.2.3/spring-boot-starter-test-3.2.3.jar:/Users/bodo.teichmann/.m2/repository/org/springframework/boot/spring-boot-test/3.2.3/spring-boot-test-3.2.3.jar:/Users/bodo.teichmann/.m2/repository/org/springframework/boot/spring-boot-test-autoconfigure/3.2.3/spring-boot-test-autoconfigure-3.2.3.jar:/Users/bodo.teichmann/.m2/repository/com/jayway/jsonpath/json-path/2.9.0/json-path-2.9.0.jar:/Users/bodo.teichmann/.m2/repository/org/slf4j/slf4j-api/2.0.12/slf4j-api-2.0.12.jar:/Users/bodo.teichmann/.m2/repository/jakarta/xml/bind/jakarta.xml.bind-api/4.0.1/jakarta.xml.bind-api-4.0.1.jar:/Users/bodo.teichmann/.m2/repository/jakarta/activation/jakarta.activation-api/2.1.2/jakarta.activation-api-2.1.2.jar:/Users/bodo.teichmann/.m2/repository/net/minidev/json-smart/2.5.0/json-smart-2.5.0.jar:/Users/bodo.teichmann/.m2/repository/net/minidev/accessors-smart/2.5.0/accessors-smart-2.5.0.jar:/Users/bodo.teichmann/.m2/repository/org/ow2/asm/asm/9.3/asm-9.3.jar:/Users/bodo.teichmann/.m2/repository/org/assertj/assertj-core/3.24.2/assertj-core-3.24.2.jar:/Users/bodo.teichmann/.m2/repository/net/bytebuddy/byte-buddy/1.14.12/byte-buddy-1.14.12.jar:/Users/bodo.teichmann/.m2/repository/org/awaitility/awaitility/4.2.0/awaitility-4.2.0.jar:/Users/bodo.teichmann/.m2/repository/org/hamcrest/hamcrest/2.2/hamcrest-2.2.jar:/Users/bodo.teichmann/.m2/repository/org/junit/jupiter/junit-jupiter/5.10.2/junit-jupiter-5.10.2.jar:/Users/bodo.teichmann/.m2/repository/org/junit/jupiter/junit-jupiter-api/5.10.2/junit-jupiter-api-5.10.2.jar:/Users/bodo.teichmann/.m2/repository/org/opentest4j/opentest4j/1.3.0/opentest4j-1.3.0.jar:/Users/bodo.teichmann/.m2/repository/org/junit/platform/junit-platform-commons/1.10.2/junit-platform-commons-1.10.2.jar:/Users/bodo.teichmann/.m2/repository/org/apiguardian/apiguardian-api/1.1.2/apiguardian-api-1.1.2.jar:/Users/bodo.teichmann/.m2/repository/org/junit/jupiter/junit-jupiter-params/5.10.2/junit-jupiter-params-5.10.2.jar:/Users/bodo.teichmann/.m2/repository/org/junit/jupiter/junit-jupiter-engine/5.10.2/junit-jupiter-engine-5.10.2.jar:/Users/bodo.teichmann/.m2/repository/org/junit/platform/junit-platform-engine/1.10.2/junit-platform-engine-1.10.2.jar:/Users/bodo.teichmann/.m2/repository/org/mockito/mockito-core/5.7.0/mockito-core-5.7.0.jar:/Users/bodo.teichmann/.m2/repository/net/bytebuddy/byte-buddy-agent/1.14.12/byte-buddy-agent-1.14.12.jar:/Users/bodo.teichmann/.m2/repository/org/objenesis/objenesis/3.3/objenesis-3.3.jar:/Users/bodo.teichmann/.m2/repository/org/mockito/mockito-junit-jupiter/5.7.0/mockito-junit-jupiter-5.7.0.jar:/Users/bodo.teichmann/.m2/repository/org/skyscreamer/jsonassert/1.5.1/jsonassert-1.5.1.jar:/Users/bodo.teichmann/.m2/repository/com/vaadin/external/google/android-json/0.0.20131108.vaadin1/android-json-0.0.20131108.vaadin1.jar:/Users/bodo.teichmann/.m2/repository/org/springframework/spring-core/6.1.4/spring-core-6.1.4.jar:/Users/bodo.teichmann/.m2/repository/org/springframework/spring-jcl/6.1.4/spring-jcl-6.1.4.jar:/Users/bodo.teichmann/.m2/repository/org/springframework/spring-test/6.1.4/spring-test-6.1.4.jar:/Users/bodo.teichmann/.m2/repository/org/xmlunit/xmlunit-core/2.9.1/xmlunit-core-2.9.1.jar:/Users/bodo.teichmann/.m2/repository/org/projectlombok/lombok/1.18.32/lombok-1.18.32.jar:/Users/bodo.teichmann/.m2/repository/gg/jte/jte-spring-boot-starter-3/3.2.1/jte-spring-boot-starter-3-3.2.1.jar:/Users/bodo.teichmann/.m2/repository/org/springframework/boot/spring-boot-autoconfigure/3.2.3/spring-boot-autoconfigure-3.2.3.jar:/Users/bodo.teichmann/.m2/repository/gg/jte/jte/3.2.1/jte-3.2.1.jar:/Users/bodo.teichmann/.m2/repository/gg/jte/jte-runtime/3.2.1/jte-runtime-3.2.1.jar:/Users/bodo.teichmann/.m2/repository/gg/jte/jte-extension-api/3.2.1/jte-extension-api-3.2.1.jar:/Users/bodo.teichmann/.m2/repository/org/jsoup/jsoup/1.20.1/jsoup-1.20.1.jar:"/>
    <property name="sun.cpu.endian" value="little"/>
    <property name="user.home" value="/Users/bodo.teichmann"/>
    <property name="user.language" value="de"/>
    <property name="java.specification.vendor" value="Oracle Corporation"/>
    <property name="java.version.date" value="2025-01-21"/>
    <property name="java.home" value="/opt/homebrew/Cellar/openjdk/23.0.2/libexec/openjdk.jdk/Contents/Home"/>
    <property name="file.separator" value="/"/>
    <property name="basedir" value="/Users/bodo.teichmann/dev/learning/calendar_tdd/calendar-app-cursor"/>
    <property name="java.vm.compressedOopsMode" value="Zero based"/>
    <property name="line.separator" value="&#10;"/>
    <property name="java.vm.specification.vendor" value="Oracle Corporation"/>
    <property name="java.specification.name" value="Java Platform API Specification"/>
    <property name="FILE_LOG_CHARSET" value="UTF-8"/>
    <property name="java.awt.headless" value="true"/>
    <property name="apple.awt.application.name" value="ForkedBooter"/>
    <property name="surefire.real.class.path" value="/Users/bodo.teichmann/dev/learning/calendar_tdd/calendar-app-cursor/target/surefire/surefirebooter-20250529120619478_3.jar"/>
    <property name="sun.management.compiler" value="HotSpot 64-Bit Tiered Compilers"/>
    <property name="ftp.nonProxyHosts" value="local|*.local|169.254/16|*.169.254/16"/>
    <property name="java.runtime.version" value="23.0.2"/>
    <property name="user.name" value="bodo.teichmann"/>
    <property name="stdout.encoding" value="UTF-8"/>
    <property name="path.separator" value=":"/>
    <property name="os.version" value="15.3.2"/>
    <property name="java.runtime.name" value="OpenJDK Runtime Environment"/>
    <property name="file.encoding" value="UTF-8"/>
    <property name="java.vm.name" value="OpenJDK 64-Bit Server VM"/>
    <property name="java.vendor.version" value="Homebrew"/>
    <property name="localRepository" value="/Users/bodo.teichmann/.m2/repository"/>
    <property name="java.vendor.url.bug" value="https://github.com/Homebrew/homebrew-core/issues"/>
    <property name="java.io.tmpdir" value="/var/folders/qv/sqdx09_j763bnx2l_6jn3rvcgwp36k/T/"/>
    <property name="java.version" value="23.0.2"/>
    <property name="user.dir" value="/Users/bodo.teichmann/dev/learning/calendar_tdd/calendar-app-cursor"/>
    <property name="os.arch" value="aarch64"/>
    <property name="java.vm.specification.name" value="Java Virtual Machine Specification"/>
    <property name="PID" value="48326"/>
    <property name="CONSOLE_LOG_CHARSET" value="UTF-8"/>
    <property name="native.encoding" value="UTF-8"/>
    <property name="java.library.path" value="/Users/bodo.teichmann/Library/Java/Extensions:/Library/Java/Extensions:/Network/Library/Java/Extensions:/System/Library/Java/Extensions:/usr/lib/java:."/>
    <property name="java.vm.info" value="mixed mode, sharing"/>
    <property name="stderr.encoding" value="UTF-8"/>
    <property name="java.vendor" value="Homebrew"/>
    <property name="java.vm.version" value="23.0.2"/>
    <property name="sun.io.unicode.encoding" value="UnicodeBig"/>
    <property name="socksNonProxyHosts" value="local|*.local|169.254/16|*.169.254/16"/>
    <property name="java.class.version" value="67.0"/>
  </properties>
  <testcase name="step2FormShouldRequireDateAndTimeFields" classname="de.bas.bodo.woodle.adapter.web.WoodleViewTest" time="1.04">
    <system-out><![CDATA[12:06:19.987 [main] INFO org.springframework.test.context.support.AnnotationConfigContextLoaderUtils -- Could not detect default configuration classes for test class [de.bas.bodo.woodle.adapter.web.WoodleViewTest]: WoodleViewTest does not declare any static, non-private, non-final, nested classes annotated with @Configuration.
12:06:20.059 [main] INFO org.springframework.boot.test.context.SpringBootTestContextBootstrapper -- Found @SpringBootConfiguration de.bas.bodo.woodle.WoodleApplication for test class de.bas.bodo.woodle.adapter.web.WoodleViewTest

  .   ____          _            __ _ _
 /\\ / ___'_ __ _ _(_)_ __  __ _ \ \ \ \
( ( )\___ | '_ | '_| | '_ \/ _` | \ \ \ \
 \\/  ___)| |_)| | | | | || (_| |  ) ) ) )
  '  |____| .__|_| |_|_| |_\__, | / / / /
 =========|_|==============|___/=/_/_/_/
&amp#27;[32m :: Spring Boot :: &amp#27;[39m              &amp#27;[2m (v3.2.3)&amp#27;[0;39m

&amp#27;[2m2025-05-29T12:06:20.290+02:00&amp#27;[0;39m &amp#27;[32m INFO&amp#27;[0;39m &amp#27;[35m48326&amp#27;[0;39m &amp#27;[2m---&amp#27;[0;39m &amp#27;[2m[           main]&amp#27;[0;39m &amp#27;[2m&amp#27;[0;39m&amp#27;[36md.b.b.woodle.adapter.web.WoodleViewTest &amp#27;[0;39m &amp#27;[2m:&amp#27;[0;39m Starting WoodleViewTest using Java 23.0.2 with PID 48326 (started by bodo.teichmann in /Users/bodo.teichmann/dev/learning/calendar_tdd/calendar-app-cursor)
&amp#27;[2m2025-05-29T12:06:20.291+02:00&amp#27;[0;39m &amp#27;[32mDEBUG&amp#27;[0;39m &amp#27;[35m48326&amp#27;[0;39m &amp#27;[2m---&amp#27;[0;39m &amp#27;[2m[           main]&amp#27;[0;39m &amp#27;[2m&amp#27;[0;39m&amp#27;[36md.b.b.woodle.adapter.web.WoodleViewTest &amp#27;[0;39m &amp#27;[2m:&amp#27;[0;39m Running with Spring Boot v3.2.3, Spring v6.1.4
&amp#27;[2m2025-05-29T12:06:20.291+02:00&amp#27;[0;39m &amp#27;[32m INFO&amp#27;[0;39m &amp#27;[35m48326&amp#27;[0;39m &amp#27;[2m---&amp#27;[0;39m &amp#27;[2m[           main]&amp#27;[0;39m &amp#27;[2m&amp#27;[0;39m&amp#27;[36md.b.b.woodle.adapter.web.WoodleViewTest &amp#27;[0;39m &amp#27;[2m:&amp#27;[0;39m No active profile set, falling back to 1 default profile: "default"
&amp#27;[2m2025-05-29T12:06:21.156+02:00&amp#27;[0;39m &amp#27;[32m INFO&amp#27;[0;39m &amp#27;[35m48326&amp#27;[0;39m &amp#27;[2m---&amp#27;[0;39m &amp#27;[2m[           main]&amp#27;[0;39m &amp#27;[2m&amp#27;[0;39m&amp#27;[36mo.s.b.t.m.w.SpringBootMockServletContext&amp#27;[0;39m &amp#27;[2m:&amp#27;[0;39m Initializing Spring TestDispatcherServlet ''
&amp#27;[2m2025-05-29T12:06:21.157+02:00&amp#27;[0;39m &amp#27;[32m INFO&amp#27;[0;39m &amp#27;[35m48326&amp#27;[0;39m &amp#27;[2m---&amp#27;[0;39m &amp#27;[2m[           main]&amp#27;[0;39m &amp#27;[2m&amp#27;[0;39m&amp#27;[36mo.s.t.web.servlet.TestDispatcherServlet &amp#27;[0;39m &amp#27;[2m:&amp#27;[0;39m Initializing Servlet ''
&amp#27;[2m2025-05-29T12:06:21.157+02:00&amp#27;[0;39m &amp#27;[32m INFO&amp#27;[0;39m &amp#27;[35m48326&amp#27;[0;39m &amp#27;[2m---&amp#27;[0;39m &amp#27;[2m[           main]&amp#27;[0;39m &amp#27;[2m&amp#27;[0;39m&amp#27;[36mo.s.t.web.servlet.TestDispatcherServlet &amp#27;[0;39m &amp#27;[2m:&amp#27;[0;39m Completed initialization in 0 ms
&amp#27;[2m2025-05-29T12:06:21.168+02:00&amp#27;[0;39m &amp#27;[32m INFO&amp#27;[0;39m &amp#27;[35m48326&amp#27;[0;39m &amp#27;[2m---&amp#27;[0;39m &amp#27;[2m[           main]&amp#27;[0;39m &amp#27;[2m&amp#27;[0;39m&amp#27;[36md.b.b.woodle.adapter.web.WoodleViewTest &amp#27;[0;39m &amp#27;[2m:&amp#27;[0;39m Started WoodleViewTest in 1.035 seconds (process running for 1.63)
]]></system-out>
    <system-err><![CDATA[WARNING: A Java agent has been loaded dynamically (/Users/bodo.teichmann/.m2/repository/net/bytebuddy/byte-buddy-agent/1.14.12/byte-buddy-agent-1.14.12.jar)
WARNING: If a serviceability tool is in use, please run with -XX:+EnableDynamicAgentLoading to hide this warning
WARNING: If a serviceability tool is not in use, please run with -Djdk.instrument.traceUsage for more information
WARNING: Dynamic loading of agents will be disallowed by default in a future release
]]></system-err>
  </testcase>
  <testcase name="indexHtmlShouldContainWoodleHeaderAndHtmlStructure" classname="de.bas.bodo.woodle.adapter.web.WoodleViewTest" time="0.08"/>
  <testcase name="rootShouldRedirectToIndexHtml" classname="de.bas.bodo.woodle.adapter.web.WoodleViewTest" time="0.003"/>
  <testcase name="indexHtmlShouldContainWoodleLogo" classname="de.bas.bodo.woodle.adapter.web.WoodleViewTest" time="0.002"/>
  <testcase name="backButtonReturnsToStep1WithPreviousData" classname="de.bas.bodo.woodle.adapter.web.WoodleViewTest" time="0.083"/>
  <testcase name="scheduleEventShouldShowForm" classname="de.bas.bodo.woodle.adapter.web.WoodleViewTest" time="0.002"/>
  <testcase name="clickingGoToStep2ShowsStep2Form" classname="de.bas.bodo.woodle.adapter.web.WoodleViewTest" time="0.004"/>
  <testcase name="scheduleEventShouldShowAllRequiredFieldsWithLabels" classname="de.bas.bodo.woodle.adapter.web.WoodleViewTest" time="0.003"/>
  <testcase name="indexHtmlShouldShowScheduleEventButton" classname="de.bas.bodo.woodle.adapter.web.WoodleViewTest" time="0.002"/>
  <testcase name="step2FormShouldHaveAllFieldsAndLabels" classname="de.bas.bodo.woodle.adapter.web.WoodleViewTest" time="0.004"/>
  <testcase name="postScheduleEventRedirectsToStep2AndShowsFields" classname="de.bas.bodo.woodle.adapter.web.WoodleViewTest" time="0.003"/>
  <testcase name="formDataShouldPersistWhenNavigatingBack" classname="de.bas.bodo.woodle.adapter.web.WoodleViewTest" time="0.003"/>
  <testcase name="woodleLogoShouldBeAccessible" classname="de.bas.bodo.woodle.adapter.web.WoodleViewTest" time="0.016"/>
  <testcase name="notFoundShouldReturn404" classname="de.bas.bodo.woodle.adapter.web.WoodleViewTest" time="0.004"/>
  <testcase name="step2FormAllowsDateAndTimeInput" classname="de.bas.bodo.woodle.adapter.web.WoodleViewTest" time="0.003"/>
  <testcase name="step3NavigationLayoutExpiryAndBackButton" classname="de.bas.bodo.woodle.adapter.web.WoodleViewTest" time="0.091"/>
</testsuite>